[2022-08-23 15:07:37] p482532 {/home/anhlbt/workspace/hotel_recommender/go2joy.py:49} INFO - get data successful...
[2022-08-23 15:08:25] p482532 {/home/anhlbt/workspace/hotel_recommender/go2joy.py:61} INFO - init model...
[2022-08-23 15:35:55] p523712 {/home/anhlbt/workspace/hotel_recommender/go2joy.py:49} INFO - get data successful...
[2022-08-23 15:36:59] p523712 {/home/anhlbt/workspace/hotel_recommender/go2joy.py:61} INFO - init model...
[2022-08-23 15:47:31] p539562 {/home/anhlbt/workspace/hotel_recommender/go2joy.py:49} INFO - get data successful...
[2022-08-23 15:48:35] p539562 {/home/anhlbt/workspace/hotel_recommender/go2joy.py:61} INFO - init model...
[2022-08-23 16:40:25] p580171 {/home/anhlbt/workspace/hotel_recommender/go2joy.py:49} INFO - get data successful...
[2022-08-23 16:41:31] p580171 {/home/anhlbt/workspace/hotel_recommender/go2joy.py:61} INFO - init model...
[2022-08-23 17:01:53] p8520 {/home/anhlbt/workspace/hotel_recommender/go2joy.py:49} INFO - get data successful...
[2022-08-23 17:02:55] p8520 {/home/anhlbt/workspace/hotel_recommender/go2joy.py:61} INFO - init model...
[2022-08-23 17:10:05] p13946 {/home/anhlbt/workspace/hotel_recommender/go2joy.py:49} INFO - get data successful...
[2022-08-23 17:11:06] p13946 {/home/anhlbt/workspace/hotel_recommender/go2joy.py:61} INFO - init model...
[2022-08-23 17:20:36] p27765 {/home/anhlbt/workspace/hotel_recommender/go2joy.py:49} INFO - get data successful...
[2022-08-23 17:21:39] p27765 {/home/anhlbt/workspace/hotel_recommender/go2joy.py:61} INFO - init model...
[2022-08-24 13:41:05] p615608 {/home/anhlbt/workspace/hotel_recommender/go2joy.py:49} INFO - get data successful...
[2022-08-24 13:42:10] p615608 {/home/anhlbt/workspace/hotel_recommender/go2joy.py:61} INFO - init model...
[2022-08-24 14:12:39] p671215 {/home/anhlbt/workspace/hotel_recommender/go2joy.py:49} INFO - get data successful...
[2022-08-24 14:13:46] p671215 {/home/anhlbt/workspace/hotel_recommender/go2joy.py:61} INFO - init model...
[2022-08-24 14:33:54] p712646 {/home/anhlbt/workspace/hotel_recommender/go2joy.py:49} INFO - get data successful...
[2022-08-24 14:35:00] p712646 {/home/anhlbt/workspace/hotel_recommender/go2joy.py:61} INFO - init model...
[2022-08-24 15:10:49] p780136 {/home/anhlbt/workspace/hotel_recommender/go2joy.py:49} INFO - get data successful...
[2022-08-24 15:14:34] p786851 {/home/anhlbt/workspace/hotel_recommender/go2joy.py:49} INFO - get data successful...
[2022-08-24 15:15:57] p789405 {/home/anhlbt/workspace/hotel_recommender/go2joy.py:49} INFO - get data successful...
[2022-08-24 15:17:22] p792059 {/home/anhlbt/workspace/hotel_recommender/go2joy.py:49} INFO - get data successful...
[2022-08-24 15:20:00] p796351 {/home/anhlbt/workspace/hotel_recommender/go2joy.py:49} INFO - get data successful...
[2022-08-24 15:21:06] p796351 {/home/anhlbt/workspace/hotel_recommender/go2joy.py:59} INFO - init model...
[2022-08-24 15:22:28] p801091 {/home/anhlbt/workspace/hotel_recommender/go2joy.py:49} INFO - get data successful...
[2022-08-24 15:23:32] p801091 {/home/anhlbt/workspace/hotel_recommender/go2joy.py:59} INFO - init model...
[2022-08-25 09:02:17] p17527 {/home/anhlbt/workspace/hotel_recommender/go2joy.py:52} INFO - get data successful...
[2022-08-25 09:03:17] p17527 {/home/anhlbt/workspace/hotel_recommender/go2joy.py:62} INFO - init model...
[2022-08-25 09:28:18] p58773 {/home/anhlbt/workspace/hotel_recommender/go2joy.py:52} INFO - get data successful...
[2022-08-25 09:29:18] p58773 {/home/anhlbt/workspace/hotel_recommender/go2joy.py:62} INFO - init model...
[2022-08-25 13:22:27] p403200 {/home/anhlbt/workspace/hotel_recommender/go2joy.py:52} INFO - get data successful...
[2022-08-25 13:23:29] p403200 {/home/anhlbt/workspace/hotel_recommender/go2joy.py:62} INFO - init model...
[2022-08-25 13:59:36] p473656 {/home/anhlbt/workspace/hotel_recommender/go2joy.py:52} INFO - get data successful...
[2022-08-25 14:00:40] p473656 {/home/anhlbt/workspace/hotel_recommender/go2joy.py:62} INFO - init model...
[2022-08-25 15:12:07] p583881 {/home/anhlbt/workspace/hotel_recommender/go2joy.py:52} INFO - get data successful...
[2022-08-25 15:13:08] p583881 {/home/anhlbt/workspace/hotel_recommender/go2joy.py:62} INFO - init model...
[2022-08-25 15:36:08] p599277 {/home/anhlbt/workspace/hotel_recommender/go2joy.py:52} INFO - get data successful...
[2022-08-25 15:37:09] p599277 {/home/anhlbt/workspace/hotel_recommender/go2joy.py:62} INFO - init model...
[2022-08-25 15:57:45] p622960 {/home/anhlbt/workspace/hotel_recommender/go2joy.py:52} INFO - get data successful...
[2022-08-25 15:58:46] p622960 {/home/anhlbt/workspace/hotel_recommender/go2joy.py:62} INFO - init model...
[2022-08-25 16:18:51] p683441 {/home/anhlbt/workspace/hotel_recommender/go2joy.py:52} INFO - get data successful...
[2022-08-25 16:19:53] p683441 {/home/anhlbt/workspace/hotel_recommender/go2joy.py:62} INFO - init model...
[2022-08-25 16:58:27] p9713 {/home/anhlbt/workspace/hotel_recommender/go2joy.py:53} INFO - get data successful...
[2022-08-25 16:59:28] p9713 {/home/anhlbt/workspace/hotel_recommender/go2joy.py:63} INFO - init model...
[2022-08-26 08:53:59] p17528 {/home/anhlbt/workspace/hotel_recommender/go2joy.py:53} INFO - get data successful...
[2022-08-26 08:54:59] p17528 {/home/anhlbt/workspace/hotel_recommender/go2joy.py:63} INFO - init model...
[2022-08-26 09:08:41] p38122 {/home/anhlbt/workspace/hotel_recommender/go2joy.py:53} INFO - get data successful...
[2022-08-26 09:09:42] p38122 {/home/anhlbt/workspace/hotel_recommender/go2joy.py:63} INFO - init model...
[2022-08-26 10:02:41] p111528 {/home/anhlbt/workspace/hotel_recommender/go2joy.py:53} INFO - get data successful...
[2022-08-26 10:03:39] p111528 {/home/anhlbt/workspace/hotel_recommender/go2joy.py:63} INFO - init model...
[2022-08-26 11:19:23] p209367 {/home/anhlbt/workspace/hotel_recommender/go2joy.py:53} INFO - get data successful...
[2022-08-26 11:20:24] p209367 {/home/anhlbt/workspace/hotel_recommender/go2joy.py:63} INFO - init model...
[2022-08-31 11:16:20] p296189 {/home/anhlbt/workspace/hotel_recommender/go2joy.py:53} INFO - get data successful...
[2022-08-31 11:17:30] p296189 {/home/anhlbt/workspace/hotel_recommender/go2joy.py:63} INFO - init model...
[2022-08-31 07:30:32] p19671 {/home/ubuntu/workspace/hotel_recommender/go2joy.py:55} WARNING - Missing optional dependency 'pytables'.  Use pip or conda to install pytables.
[2022-08-31 07:37:58] p24833 {/home/ubuntu/workspace/hotel_recommender/go2joy.py:53} INFO - get data successful...
[2022-08-31 07:38:53] p24833 {/home/ubuntu/workspace/hotel_recommender/go2joy.py:63} INFO - init model...
[2022-08-31 08:14:57] p43856 {/home/ubuntu/workspace/hotel_recommender/go2joy.py:53} INFO - get data successful...
[2022-08-31 08:15:51] p43856 {/home/ubuntu/workspace/hotel_recommender/go2joy.py:63} INFO - init model...
[2022-09-05 02:06:22] p155584 {/home/ubuntu/workspace/hotel_recommender/go2joy.py:53} INFO - get data successful...
[2022-09-05 02:07:17] p155584 {/home/ubuntu/workspace/hotel_recommender/go2joy.py:63} INFO - init model...
[2022-09-05 02:55:47] p835824 {/home/ubuntu/workspace/hotel_recommender/go2joy.py:53} INFO - get data successful...
[2022-09-05 02:56:43] p835824 {/home/ubuntu/workspace/hotel_recommender/go2joy.py:63} INFO - init model...
[2022-09-05 07:38:27] p866953 {/home/ubuntu/workspace/hotel_recommender/go2joy.py:53} INFO - get data successful...
[2022-09-05 07:38:33] p866953 {/home/ubuntu/workspace/hotel_recommender/go2joy.py:72} INFO - init model...
[2022-09-05 07:41:21] p866953 {/home/ubuntu/workspace/hotel_recommender/go2joy.py:53} INFO - get data successful...
[2022-09-05 07:42:25] p866953 {/home/ubuntu/workspace/hotel_recommender/go2joy.py:72} INFO - init model...
[2022-09-05 08:13:23] p870970 {/home/ubuntu/workspace/hotel_recommender/go2joy.py:53} INFO - get data successful...
[2022-09-05 08:13:29] p870970 {/home/ubuntu/workspace/hotel_recommender/go2joy.py:72} INFO - init model...
[2022-09-05 10:18:29] p885850 {/home/ubuntu/workspace/hotel_recommender/go2joy.py:58} WARNING - HDF5 error back trace

  File "H5F.c", line 620, in H5Fopen
    unable to open file
  File "H5VLcallback.c", line 3501, in H5VL_file_open
    failed to iterate over available VOL connector plugins
  File "H5PLpath.c", line 578, in H5PL__path_table_iterate
    can't iterate over plugins in plugin path '(null)'
  File "H5PLpath.c", line 620, in H5PL__path_table_iterate_process_path
    can't open directory: /home/ubuntu/anaconda3/envs/py38/lib/hdf5/plugin
  File "H5VLcallback.c", line 3351, in H5VL__file_open
    open failed
  File "H5VLnative_file.c", line 97, in H5VL__native_file_open
    unable to open file
  File "H5Fint.c", line 1898, in H5F_open
    unable to lock the file
  File "H5FD.c", line 1625, in H5FD_lock
    driver lock request failed
  File "H5FDsec2.c", line 1002, in H5FD__sec2_lock
    unable to lock file, errno = 11, error message = 'Resource temporarily unavailable'

End of HDF5 error back trace

Unable to open/create file 'hdfs_tmp.h5'
[2022-09-05 10:20:08] p886149 {/home/ubuntu/workspace/hotel_recommender/go2joy.py:58} WARNING - HDF5 error back trace

  File "H5F.c", line 620, in H5Fopen
    unable to open file
  File "H5VLcallback.c", line 3501, in H5VL_file_open
    failed to iterate over available VOL connector plugins
  File "H5PLpath.c", line 578, in H5PL__path_table_iterate
    can't iterate over plugins in plugin path '(null)'
  File "H5PLpath.c", line 620, in H5PL__path_table_iterate_process_path
    can't open directory: /home/ubuntu/anaconda3/envs/py38/lib/hdf5/plugin
  File "H5VLcallback.c", line 3351, in H5VL__file_open
    open failed
  File "H5VLnative_file.c", line 97, in H5VL__native_file_open
    unable to open file
  File "H5Fint.c", line 1898, in H5F_open
    unable to lock the file
  File "H5FD.c", line 1625, in H5FD_lock
    driver lock request failed
  File "H5FDsec2.c", line 1002, in H5FD__sec2_lock
    unable to lock file, errno = 11, error message = 'Resource temporarily unavailable'

End of HDF5 error back trace

Unable to open/create file 'hdfs_tmp.h5'
[2022-09-05 10:25:34] p887032 {/home/ubuntu/workspace/hotel_recommender/go2joy.py:58} WARNING - HDF5 error back trace

  File "H5F.c", line 620, in H5Fopen
    unable to open file
  File "H5VLcallback.c", line 3501, in H5VL_file_open
    failed to iterate over available VOL connector plugins
  File "H5PLpath.c", line 578, in H5PL__path_table_iterate
    can't iterate over plugins in plugin path '(null)'
  File "H5PLpath.c", line 620, in H5PL__path_table_iterate_process_path
    can't open directory: /home/ubuntu/anaconda3/envs/py38/lib/hdf5/plugin
  File "H5VLcallback.c", line 3351, in H5VL__file_open
    open failed
  File "H5VLnative_file.c", line 97, in H5VL__native_file_open
    unable to open file
  File "H5Fint.c", line 1990, in H5F_open
    unable to read superblock
  File "H5Fsuper.c", line 614, in H5F__super_read
    truncated file: eof = 96, sblock->base_addr = 0, stored_eof = 2048

End of HDF5 error back trace

Unable to open/create file 'hdfs_tmp.h5'
[2022-09-05 10:30:02] p887384 {/home/ubuntu/workspace/hotel_recommender/go2joy.py:57} INFO - get data successful...
[2022-09-05 10:30:14] p887384 {/home/ubuntu/workspace/hotel_recommender/go2joy.py:78} INFO - init model...
[2022-09-05 10:35:28] p888321 {/home/ubuntu/workspace/hotel_recommender/go2joy.py:57} INFO - get data successful...
[2022-09-05 10:35:38] p888321 {/home/ubuntu/workspace/hotel_recommender/go2joy.py:78} INFO - init model...
[2022-09-06 02:09:55] p991577 {/home/ubuntu/workspace/hotel_recommender/recommender.py:57} INFO - get data successful...
[2022-09-06 02:10:05] p991577 {/home/ubuntu/workspace/hotel_recommender/recommender.py:78} INFO - init model...
[2022-09-06 02:10:16] p991577 {/home/ubuntu/workspace/hotel_recommender/recommender.py:212} INFO - ['3217', '3217', '3217', '3217', '3217', '3217', '3217', '3217', '3217', '12117', '12117', '12117', '3217, 12117, 2965', '812', '12575', '830', '12405, 12405', '1451, 817', '12117, 3657, 3657']
[2022-09-06 07:48:14] p1097398 {/home/ubuntu/workspace/hotel_recommender/recommender.py:57} INFO - get data successful...
[2022-09-06 07:48:24] p1097398 {/home/ubuntu/workspace/hotel_recommender/recommender.py:76} INFO - init model...
[2022-09-06 08:05:52] p1103079 {/home/ubuntu/workspace/hotel_recommender/recommender.py:57} INFO - get data successful...
[2022-09-06 08:08:32] p1103079 {/home/ubuntu/workspace/hotel_recommender/recommender.py:76} INFO - init model...
[2022-09-06 09:13:13] p870970 {/home/ubuntu/workspace/hotel_recommender/go2joy.py:55} WARNING - HDF5 error back trace

  File "H5F.c", line 620, in H5Fopen
    unable to open file
  File "H5VLcallback.c", line 3501, in H5VL_file_open
    failed to iterate over available VOL connector plugins
  File "H5PLpath.c", line 578, in H5PL__path_table_iterate
    can't iterate over plugins in plugin path '(null)'
  File "H5PLpath.c", line 620, in H5PL__path_table_iterate_process_path
    can't open directory: /home/ubuntu/anaconda3/envs/py38/lib/hdf5/plugin
  File "H5VLcallback.c", line 3351, in H5VL__file_open
    open failed
  File "H5VLnative_file.c", line 97, in H5VL__native_file_open
    unable to open file
  File "H5Fint.c", line 1898, in H5F_open
    unable to lock the file
  File "H5FD.c", line 1625, in H5FD_lock
    driver lock request failed
  File "H5FDsec2.c", line 1002, in H5FD__sec2_lock
    unable to lock file, errno = 11, error message = 'Resource temporarily unavailable'

End of HDF5 error back trace

Unable to open/create file 'hdfs_tmp.h5'
[2022-09-06 09:13:22] p870970 {/home/ubuntu/workspace/hotel_recommender/go2joy.py:55} WARNING - HDF5 error back trace

  File "H5F.c", line 620, in H5Fopen
    unable to open file
  File "H5VLcallback.c", line 3501, in H5VL_file_open
    failed to iterate over available VOL connector plugins
  File "H5PLpath.c", line 578, in H5PL__path_table_iterate
    can't iterate over plugins in plugin path '(null)'
  File "H5PLpath.c", line 620, in H5PL__path_table_iterate_process_path
    can't open directory: /home/ubuntu/anaconda3/envs/py38/lib/hdf5/plugin
  File "H5VLcallback.c", line 3351, in H5VL__file_open
    open failed
  File "H5VLnative_file.c", line 97, in H5VL__native_file_open
    unable to open file
  File "H5Fint.c", line 1898, in H5F_open
    unable to lock the file
  File "H5FD.c", line 1625, in H5FD_lock
    driver lock request failed
  File "H5FDsec2.c", line 1002, in H5FD__sec2_lock
    unable to lock file, errno = 11, error message = 'Resource temporarily unavailable'

End of HDF5 error back trace

Unable to open/create file 'hdfs_tmp.h5'
[2022-09-06 09:15:22] p1123386 {/home/ubuntu/workspace/hotel_recommender/recommender.py:54} INFO - get data successful...
[2022-09-06 09:18:56] p1123386 {/home/ubuntu/workspace/hotel_recommender/recommender.py:54} INFO - get data successful...
[2022-09-06 09:21:41] p1125268 {/home/ubuntu/workspace/hotel_recommender/recommender.py:54} INFO - get data successful...
[2022-09-06 09:29:21] p1127740 {/home/ubuntu/workspace/hotel_recommender/recommender.py:55} INFO - get data successful...
[2022-09-06 09:30:23] p1127740 {/home/ubuntu/workspace/hotel_recommender/recommender.py:76} INFO - init model...
[2022-09-07 02:00:38] p1249331 {/home/ubuntu/workspace/hotel_recommender/recommender.py:56} INFO - get data successful...
[2022-09-07 02:19:33] p1251489 {/home/ubuntu/workspace/hotel_recommender/recommender.py:56} INFO - get data successful...
[2022-09-07 02:27:21] p1252624 {/home/ubuntu/workspace/hotel_recommender/recommender.py:56} INFO - get data successful...
[2022-09-07 02:43:18] p1255227 {/home/ubuntu/workspace/hotel_recommender/recommender.py:56} INFO - get data successful...
[2022-09-07 02:47:01] p1255742 {/home/ubuntu/workspace/hotel_recommender/recommender.py:56} INFO - get data successful...
[2022-09-07 03:31:05] p1260690 {/home/ubuntu/workspace/hotel_recommender/recommender.py:56} INFO - get data successful...
[2022-09-07 03:37:18] p1261477 {/home/ubuntu/workspace/hotel_recommender/recommender.py:56} INFO - get data successful...
[2022-09-07 03:52:40] p1263318 {/home/ubuntu/workspace/hotel_recommender/recommender.py:56} INFO - get data successful...
[2022-09-07 04:10:33] p1265554 {/home/ubuntu/workspace/hotel_recommender/recommender.py:56} INFO - get data successful...
[2022-09-07 04:18:35] p1266480 {/home/ubuntu/workspace/hotel_recommender/recommender.py:56} INFO - get data successful...
[2022-09-07 04:18:56] p1266480 {/home/ubuntu/workspace/hotel_recommender/recommender.py:82} INFO - init model...
[2022-09-07 04:23:35] p1266480 {/home/ubuntu/workspace/hotel_recommender/recommender.py:240} ERROR - "None of [Index(['_530889.0'], dtype='object')] are in the [columns]"
[2022-09-07 04:23:42] p1266480 {/home/ubuntu/workspace/hotel_recommender/recommender.py:240} ERROR - "None of [Index(['_530889.0'], dtype='object')] are in the [columns]"
[2022-09-07 04:23:52] p1266480 {/home/ubuntu/workspace/hotel_recommender/recommender.py:240} ERROR - "None of [Index(['_530889'], dtype='object')] are in the [columns]"
[2022-09-07 06:58:03] p1283501 {/home/ubuntu/workspace/hotel_recommender/recommender.py:56} INFO - get data successful...
[2022-09-07 06:58:24] p1283501 {/home/ubuntu/workspace/hotel_recommender/recommender.py:82} INFO - init model...
[2022-09-07 09:54:56] p1303437 {/home/ubuntu/workspace/hotel_recommender/recommender.py:56} INFO - get data successful...
[2022-09-07 09:55:50] p1303437 {/home/ubuntu/workspace/hotel_recommender/recommender.py:82} INFO - init model...
[2022-09-07 10:04:34] p1304626 {/home/ubuntu/workspace/hotel_recommender/recommender.py:56} INFO - get data successful...
[2022-09-07 10:05:19] p1304626 {/home/ubuntu/workspace/hotel_recommender/recommender.py:82} INFO - init model...
[2022-09-07 10:25:51] p1307223 {/home/ubuntu/workspace/hotel_recommender/recommender.py:56} INFO - get data successful...
[2022-09-07 10:26:36] p1307223 {/home/ubuntu/workspace/hotel_recommender/recommender.py:82} INFO - init model...
[2022-09-08 03:50:19] p1421862 {/home/ubuntu/workspace/hotel_recommender/recommender.py:56} INFO - get data successful...
[2022-09-08 03:51:03] p1421862 {/home/ubuntu/workspace/hotel_recommender/recommender.py:82} INFO - init model...
[2022-09-08 04:38:03] p1427286 {/home/ubuntu/workspace/hotel_recommender/recommender.py:56} INFO - get data successful...
[2022-09-08 04:38:47] p1427286 {/home/ubuntu/workspace/hotel_recommender/recommender.py:82} INFO - init model...
[2022-09-08 04:42:31] p1428050 {/home/ubuntu/workspace/hotel_recommender/recommender.py:56} INFO - get data successful...
[2022-09-08 04:43:16] p1428050 {/home/ubuntu/workspace/hotel_recommender/recommender.py:82} INFO - init model...
[2022-09-08 04:47:11] p1428737 {/home/ubuntu/workspace/hotel_recommender/recommender.py:56} INFO - get data successful...
[2022-09-08 05:06:15] p1428737 {/home/ubuntu/workspace/hotel_recommender/recommender.py:82} INFO - init model...
[2022-09-08 06:15:29] p1438591 {/home/ubuntu/workspace/hotel_recommender/recommender.py:56} INFO - get data successful...
[2022-09-08 06:19:21] p1438591 {/home/ubuntu/workspace/hotel_recommender/recommender.py:82} INFO - init model...
[2022-09-08 07:10:24] p1445243 {/home/ubuntu/workspace/hotel_recommender/recommender.py:56} INFO - get data successful...
[2022-09-08 07:11:45] p1445243 {/home/ubuntu/workspace/hotel_recommender/recommender.py:82} INFO - init model...
[2022-09-08 08:37:50] p1454857 {/home/ubuntu/workspace/hotel_recommender/recommender.py:56} INFO - get data successful...
[2022-09-08 08:39:11] p1454857 {/home/ubuntu/workspace/hotel_recommender/recommender.py:82} INFO - init model...
[2022-09-08 09:19:00] p1461541 {/home/ubuntu/workspace/hotel_recommender/recommender.py:63} WARNING - [Errno 2] No such file or directory: 'hdfs_tmp.h5'
[2022-09-08 09:19:00] p1461546 {/home/ubuntu/workspace/hotel_recommender/recommender.py:63} WARNING - [Errno 2] No such file or directory: 'hdfs_tmp.h5'
[2022-09-08 09:22:55] p1533565 {/home/ubuntu/workspace/hotel_recommender/recommender.py:61} INFO - get data successful...
[2022-09-08 09:23:17] p1533565 {/home/ubuntu/workspace/hotel_recommender/recommender.py:87} INFO - init model...
[2022-09-08 09:37:11] p1538158 {/home/ubuntu/workspace/hotel_recommender/recommender.py:61} INFO - get data successful...
[2022-09-08 09:37:33] p1538158 {/home/ubuntu/workspace/hotel_recommender/recommender.py:87} INFO - init model...
[2022-09-08 09:53:23] p1543289 {/home/ubuntu/workspace/hotel_recommender/recommender.py:61} INFO - get data successful...
[2022-09-08 09:53:36] p1543289 {/home/ubuntu/workspace/hotel_recommender/recommender.py:87} INFO - init model...
[2022-09-08 10:17:14] p1549562 {/home/ubuntu/workspace/hotel_recommender/recommender.py:63} WARNING - [Errno 2] No such file or directory: 'hdfs_tmp.h5'
[2022-09-08 10:17:15] p1549575 {/home/ubuntu/workspace/hotel_recommender/recommender.py:63} WARNING - [Errno 2] No such file or directory: 'hdfs_tmp.h5'
[2022-09-08 10:20:48] p1549571 {/home/ubuntu/workspace/hotel_recommender/recommender.py:61} INFO - get data successful...
[2022-09-08 10:20:48] p1549556 {/home/ubuntu/workspace/hotel_recommender/recommender.py:61} INFO - get data successful...
[2022-09-08 10:20:49] p1549568 {/home/ubuntu/workspace/hotel_recommender/recommender.py:61} INFO - get data successful...
[2022-09-08 10:20:49] p1549554 {/home/ubuntu/workspace/hotel_recommender/recommender.py:61} INFO - get data successful...
[2022-09-08 10:20:50] p1549564 {/home/ubuntu/workspace/hotel_recommender/recommender.py:61} INFO - get data successful...
[2022-09-08 10:20:51] p1549558 {/home/ubuntu/workspace/hotel_recommender/recommender.py:61} INFO - get data successful...
[2022-09-08 10:26:57] p1564582 {/home/ubuntu/workspace/hotel_recommender/recommender.py:61} INFO - get data successful...
[2022-09-08 10:27:10] p1564582 {/home/ubuntu/workspace/hotel_recommender/recommender.py:87} INFO - init model...
[2022-09-08 10:30:24] p1567060 {/home/ubuntu/workspace/hotel_recommender/recommender.py:61} INFO - get data successful...
[2022-09-08 10:30:37] p1567060 {/home/ubuntu/workspace/hotel_recommender/recommender.py:87} INFO - init model...
[2022-09-08 10:37:56] p1569943 {/home/ubuntu/workspace/hotel_recommender/recommender.py:61} INFO - get data successful...
[2022-09-08 10:38:09] p1569943 {/home/ubuntu/workspace/hotel_recommender/recommender.py:87} INFO - init model...
[2022-09-08 10:47:18] p1573179 {/home/ubuntu/workspace/hotel_recommender/recommender.py:61} INFO - get data successful...
[2022-09-08 10:47:30] p1573179 {/home/ubuntu/workspace/hotel_recommender/recommender.py:87} INFO - init model...
[2022-09-09 02:44:02] p1690723 {/home/ubuntu/workspace/hotel_recommender/recommender.py:61} INFO - get data successful...
[2022-09-09 02:44:24] p1690723 {/home/ubuntu/workspace/hotel_recommender/recommender.py:87} INFO - init model...
[2022-09-09 03:05:48] p1696431 {/home/ubuntu/workspace/hotel_recommender/recommender.py:61} INFO - get data successful...
[2022-09-09 03:06:05] p1696431 {/home/ubuntu/workspace/hotel_recommender/recommender.py:87} INFO - init model...
[2022-09-09 03:22:09] p1701263 {/home/ubuntu/workspace/hotel_recommender/recommender.py:61} INFO - get data successful...
[2022-09-09 03:22:26] p1701263 {/home/ubuntu/workspace/hotel_recommender/recommender.py:87} INFO - init model...
[2022-09-09 04:02:18] p1709332 {/home/ubuntu/workspace/hotel_recommender/recommender.py:61} INFO - get data successful...
[2022-09-09 04:02:52] p1709332 {/home/ubuntu/workspace/hotel_recommender/recommender.py:87} INFO - init model...
[2022-09-09 06:59:02] p1734554 {/home/ubuntu/workspace/hotel_recommender/recommender.py:61} INFO - get data successful...
[2022-09-09 06:59:24] p1734554 {/home/ubuntu/workspace/hotel_recommender/recommender.py:87} INFO - init model...
[2022-09-09 09:31:03] p1760565 {/home/ubuntu/workspace/hotel_recommender/recommender.py:61} INFO - get data successful...
[2022-09-09 09:31:36] p1760565 {/home/ubuntu/workspace/hotel_recommender/recommender.py:87} INFO - init model...
[2022-09-09 09:45:50] p1766488 {/home/ubuntu/workspace/hotel_recommender/recommender.py:61} INFO - get data successful...
[2022-09-09 09:46:23] p1766488 {/home/ubuntu/workspace/hotel_recommender/recommender.py:87} INFO - init model...
[2022-09-09 10:35:02] p1777176 {/home/ubuntu/workspace/hotel_recommender/recommender.py:61} INFO - get data successful...
[2022-09-09 10:35:37] p1777176 {/home/ubuntu/workspace/hotel_recommender/recommender.py:87} INFO - init model...
[2022-09-13 04:53:45] p2380658 {/home/ubuntu/workspace/hotel_recommender/recommender.py:61} INFO - get data successful...
[2022-09-13 04:54:10] p2380658 {/home/ubuntu/workspace/hotel_recommender/recommender.py:87} INFO - init model...
[2022-09-13 06:23:04] p2397026 {/home/ubuntu/workspace/hotel_recommender/recommender.py:61} INFO - get data successful...
[2022-09-13 06:23:40] p2397026 {/home/ubuntu/workspace/hotel_recommender/recommender.py:87} INFO - init model...
[2022-09-13 06:40:41] p2402765 {/home/ubuntu/workspace/hotel_recommender/recommender.py:61} INFO - get data successful...
[2022-09-13 06:41:18] p2402765 {/home/ubuntu/workspace/hotel_recommender/recommender.py:87} INFO - init model...
[2022-09-13 07:07:12] p2410516 {/home/ubuntu/workspace/hotel_recommender/recommender.py:62} INFO - get data successful...
[2022-09-13 07:07:47] p2410516 {/home/ubuntu/workspace/hotel_recommender/recommender.py:88} INFO - init model...
[2022-09-13 07:14:01] p2415102 {/home/ubuntu/workspace/hotel_recommender/recommender.py:62} INFO - get data successful...
[2022-09-13 07:14:37] p2415102 {/home/ubuntu/workspace/hotel_recommender/recommender.py:88} INFO - init model...
[2022-09-13 07:36:53] p2421828 {/home/ubuntu/workspace/hotel_recommender/recommender.py:61} INFO - get data successful...
[2022-09-13 07:37:30] p2421828 {/home/ubuntu/workspace/hotel_recommender/recommender.py:87} INFO - init model...
[2022-09-13 09:07:00] p2440145 {/home/ubuntu/workspace/hotel_recommender/recommender.py:61} INFO - get data successful...
[2022-09-13 09:07:37] p2440145 {/home/ubuntu/workspace/hotel_recommender/recommender.py:87} INFO - init model...
[2022-09-13 10:07:12] p2452936 {/home/ubuntu/workspace/hotel_recommender/recommender.py:61} INFO - get data successful...
[2022-09-13 10:07:25] p2452936 {/home/ubuntu/workspace/hotel_recommender/recommender.py:87} INFO - init model...
[2022-09-13 10:22:53] p2457198 {/home/ubuntu/workspace/hotel_recommender/recommender.py:61} INFO - get data successful...
[2022-09-13 10:23:05] p2457198 {/home/ubuntu/workspace/hotel_recommender/recommender.py:87} INFO - init model...
[2022-09-13 10:25:55] p2458738 {/home/ubuntu/workspace/hotel_recommender/recommender.py:61} INFO - get data successful...
[2022-09-13 10:26:32] p2458738 {/home/ubuntu/workspace/hotel_recommender/recommender.py:87} INFO - init model...
[2022-09-14 02:10:17] p2611793 {/home/ubuntu/workspace/hotel_recommender/recommender.py:61} INFO - get data successful...
[2022-09-14 02:10:54] p2611793 {/home/ubuntu/workspace/hotel_recommender/recommender.py:87} INFO - init model...
[2022-09-14 02:55:11] p2622177 {/home/ubuntu/workspace/hotel_recommender/recommender.py:61} INFO - get data successful...
[2022-09-14 02:56:10] p2622177 {/home/ubuntu/workspace/hotel_recommender/utils/util.py:62} INFO - Elapsed time of 'build_distance_metric': 32.357027530670166 seconds
[2022-09-14 02:56:13] p2622177 {/home/ubuntu/workspace/hotel_recommender/recommender.py:87} INFO - init model...
[2022-09-14 02:56:13] p2622177 {/home/ubuntu/workspace/hotel_recommender/utils/util.py:62} INFO - Elapsed time of '__init__': 186.47429728507996 seconds
[2022-09-14 02:58:48] p2622177 {/home/ubuntu/workspace/hotel_recommender/utils/util.py:62} INFO - Elapsed time of 'merge_dicts': 0.19919323921203613 seconds
[2022-09-14 03:00:20] p2622177 {/home/ubuntu/workspace/hotel_recommender/utils/util.py:62} INFO - Elapsed time of 'merge_dicts': 0.292097806930542 seconds
[2022-09-14 03:00:20] p2622177 {/home/ubuntu/workspace/hotel_recommender/utils/util.py:62} INFO - Elapsed time of 'build_model': 246.88045954704285 seconds
[2022-09-14 03:00:32] p2622177 {/home/ubuntu/workspace/hotel_recommender/utils/util.py:62} INFO - Elapsed time of 'get_hotels_of_user': 0.33188414573669434 seconds
[2022-09-14 03:00:43] p2622177 {/home/ubuntu/workspace/hotel_recommender/utils/util.py:62} INFO - Elapsed time of 'clustering_hdbscan': 0.10145330429077148 seconds
[2022-09-14 03:02:17] p2622177 {/home/ubuntu/workspace/hotel_recommender/utils/util.py:62} INFO - Elapsed time of 'get_hotels_of_user': 0.10168886184692383 seconds
[2022-09-14 03:10:58] p2622177 {/home/ubuntu/workspace/hotel_recommender/utils/util.py:62} INFO - Elapsed time of 'get_hotels_of_user': 0.08865094184875488 seconds
[2022-09-14 03:11:12] p2622177 {/home/ubuntu/workspace/hotel_recommender/utils/util.py:62} INFO - Elapsed time of 'get_hotels_of_user': 0.03092813491821289 seconds
[2022-09-14 03:19:29] p2622177 {/home/ubuntu/workspace/hotel_recommender/utils/util.py:62} INFO - Elapsed time of 'get_hotels_of_user': 0.04984021186828613 seconds
[2022-09-14 03:33:43] p2632754 {/home/ubuntu/workspace/hotel_recommender/recommender.py:61} INFO - get data successful...
[2022-09-14 03:34:26] p2632754 {/home/ubuntu/workspace/hotel_recommender/utils/util.py:62} INFO - Elapsed time of 'build_distance_metric': 17.762353658676147 seconds
[2022-09-14 03:34:28] p2632754 {/home/ubuntu/workspace/hotel_recommender/recommender.py:87} INFO - init model...
[2022-09-14 03:34:28] p2632754 {/home/ubuntu/workspace/hotel_recommender/utils/util.py:62} INFO - Elapsed time of '__init__': 167.02613234519958 seconds
[2022-09-14 03:42:22] p2632754 {/home/ubuntu/workspace/hotel_recommender/utils/util.py:62} INFO - Elapsed time of 'merge_dicts': 0.11243057250976562 seconds
[2022-09-14 03:44:12] p2632754 {/home/ubuntu/workspace/hotel_recommender/utils/util.py:62} INFO - Elapsed time of 'merge_dicts': 1.3950436115264893 seconds
[2022-09-14 03:44:12] p2632754 {/home/ubuntu/workspace/hotel_recommender/utils/util.py:62} INFO - Elapsed time of 'build_model': 583.8564867973328 seconds
[2022-09-14 03:45:46] p2632754 {/home/ubuntu/workspace/hotel_recommender/utils/util.py:62} INFO - Elapsed time of 'get_hotels_of_user': 0.32595252990722656 seconds
[2022-09-14 03:45:54] p2632754 {/home/ubuntu/workspace/hotel_recommender/utils/util.py:62} INFO - Elapsed time of 'clustering_hdbscan': 0.11048674583435059 seconds
[2022-09-14 03:46:22] p2632754 {/home/ubuntu/workspace/hotel_recommender/utils/util.py:62} INFO - Elapsed time of 'get_hotels_of_user': 0.0438992977142334 seconds
[2022-09-14 03:50:12] p2632754 {/home/ubuntu/workspace/hotel_recommender/utils/util.py:62} INFO - Elapsed time of 'predict': 265.23504757881165 seconds
[2022-09-14 03:58:58] p2632754 {/home/ubuntu/workspace/hotel_recommender/utils/util.py:62} INFO - Elapsed time of 'get_hotels_of_user': 0.821770191192627 seconds
[2022-09-14 03:59:54] p2611793 {/home/ubuntu/workspace/hotel_recommender/recommender.py:301} INFO - []
[2022-09-14 04:17:05] p2632754 {/home/ubuntu/workspace/hotel_recommender/recommender.py:307} INFO - []
[2022-09-14 04:18:13] p2643548 {/home/ubuntu/workspace/hotel_recommender/recommender.py:61} INFO - get data successful...
[2022-09-14 04:18:22] p2643548 {/home/ubuntu/workspace/hotel_recommender/utils/util.py:62} INFO - Elapsed time of 'build_distance_metric': 6.608642101287842 seconds
[2022-09-14 04:18:22] p2643548 {/home/ubuntu/workspace/hotel_recommender/recommender.py:87} INFO - init model...
[2022-09-14 04:18:22] p2643548 {/home/ubuntu/workspace/hotel_recommender/utils/util.py:62} INFO - Elapsed time of '__init__': 44.441439390182495 seconds
[2022-09-14 04:18:57] p2643548 {/home/ubuntu/workspace/hotel_recommender/recommender.py:61} INFO - get data successful...
[2022-09-14 04:19:06] p2643548 {/home/ubuntu/workspace/hotel_recommender/utils/util.py:62} INFO - Elapsed time of 'build_distance_metric': 6.692174911499023 seconds
[2022-09-14 04:19:06] p2643548 {/home/ubuntu/workspace/hotel_recommender/recommender.py:87} INFO - init model...
[2022-09-14 04:19:06] p2643548 {/home/ubuntu/workspace/hotel_recommender/utils/util.py:62} INFO - Elapsed time of '__init__': 43.9712872505188 seconds
[2022-09-14 04:20:24] p2643548 {/home/ubuntu/workspace/hotel_recommender/recommender.py:61} INFO - get data successful...
[2022-09-14 04:20:50] p2643548 {/home/ubuntu/workspace/hotel_recommender/utils/util.py:62} INFO - Elapsed time of 'build_distance_metric': 6.474954128265381 seconds
[2022-09-14 04:20:52] p2643548 {/home/ubuntu/workspace/hotel_recommender/recommender.py:87} INFO - init model...
[2022-09-14 04:20:52] p2643548 {/home/ubuntu/workspace/hotel_recommender/utils/util.py:62} INFO - Elapsed time of '__init__': 62.634164810180664 seconds
[2022-09-14 04:21:37] p2643548 {/home/ubuntu/workspace/hotel_recommender/utils/util.py:62} INFO - Elapsed time of 'merge_dicts': 0.02222895622253418 seconds
[2022-09-14 04:23:22] p2643548 {/home/ubuntu/workspace/hotel_recommender/utils/util.py:62} INFO - Elapsed time of 'merge_dicts': 0.23990535736083984 seconds
[2022-09-14 04:23:22] p2643548 {/home/ubuntu/workspace/hotel_recommender/utils/util.py:62} INFO - Elapsed time of 'build_model': 150.32415175437927 seconds
[2022-09-14 04:28:31] p2643548 {/home/ubuntu/workspace/hotel_recommender/utils/util.py:62} INFO - Elapsed time of 'get_n_hotels_nearest': 0.3388025760650635 seconds
[2022-09-14 04:49:39] p2643548 {/home/ubuntu/workspace/hotel_recommender/utils/util.py:62} INFO - Elapsed time of 'get_hotels_of_user': 0.03489327430725098 seconds
[2022-09-14 04:50:26] p2643548 {/home/ubuntu/workspace/hotel_recommender/utils/util.py:62} INFO - Elapsed time of 'get_hotels_of_user': 0.02637195587158203 seconds
[2022-09-14 04:51:19] p2643548 {/home/ubuntu/workspace/hotel_recommender/utils/util.py:62} INFO - Elapsed time of 'get_hotels_of_user': 0.027372121810913086 seconds
[2022-09-14 04:53:50] p2663619 {/home/ubuntu/workspace/hotel_recommender/recommender.py:61} INFO - get data successful...
[2022-09-14 04:54:22] p2663619 {/home/ubuntu/workspace/hotel_recommender/utils/util.py:62} INFO - Elapsed time of 'build_distance_metric': 6.607752084732056 seconds
[2022-09-14 04:54:26] p2663619 {/home/ubuntu/workspace/hotel_recommender/recommender.py:87} INFO - init model...
[2022-09-14 04:54:26] p2663619 {/home/ubuntu/workspace/hotel_recommender/utils/util.py:62} INFO - Elapsed time of '__init__': 71.31114602088928 seconds
[2022-09-14 06:12:52] p2675732 {/home/ubuntu/workspace/hotel_recommender/recommender.py:61} INFO - get data successful...
[2022-09-14 06:13:07] p2675732 {/home/ubuntu/workspace/hotel_recommender/utils/util.py:62} INFO - Elapsed time of 'build_distance_metric': 6.597606897354126 seconds
[2022-09-14 06:13:08] p2675732 {/home/ubuntu/workspace/hotel_recommender/recommender.py:87} INFO - init model...
[2022-09-14 06:13:08] p2675732 {/home/ubuntu/workspace/hotel_recommender/utils/util.py:62} INFO - Elapsed time of '__init__': 51.08473300933838 seconds
[2022-09-14 06:13:16] p2675732 {/home/ubuntu/workspace/hotel_recommender/utils/util.py:62} INFO - Elapsed time of 'merge_dicts': 0.010785818099975586 seconds
[2022-09-14 06:13:21] p2675732 {/home/ubuntu/workspace/hotel_recommender/utils/util.py:62} INFO - Elapsed time of 'merge_dicts': 0.009011268615722656 seconds
[2022-09-14 06:13:21] p2675732 {/home/ubuntu/workspace/hotel_recommender/utils/util.py:62} INFO - Elapsed time of 'build_model': 13.395672798156738 seconds
[2022-09-14 06:37:50] p2675732 {/home/ubuntu/workspace/hotel_recommender/utils/util.py:62} INFO - Elapsed time of 'get_hotels_of_user': 0.01842808723449707 seconds
[2022-09-14 06:39:14] p2675732 {/home/ubuntu/workspace/hotel_recommender/utils/util.py:62} INFO - Elapsed time of 'get_hotels_of_user': 0.021915912628173828 seconds
[2022-09-14 06:39:37] p2675732 {/home/ubuntu/workspace/hotel_recommender/utils/util.py:62} INFO - Elapsed time of 'get_hotels_of_user': 0.017377614974975586 seconds
[2022-09-14 06:39:57] p2675732 {/home/ubuntu/workspace/hotel_recommender/utils/util.py:62} INFO - Elapsed time of 'get_hotels_of_user': 0.019406795501708984 seconds
[2022-09-14 06:40:20] p2675732 {/home/ubuntu/workspace/hotel_recommender/utils/util.py:62} INFO - Elapsed time of 'get_hotels_of_user': 0.020728588104248047 seconds
[2022-09-14 06:40:32] p2675732 {/home/ubuntu/workspace/hotel_recommender/utils/util.py:62} INFO - Elapsed time of 'get_hotels_of_user': 0.018787384033203125 seconds
[2022-09-14 06:52:17] p2675732 {/home/ubuntu/workspace/hotel_recommender/utils/util.py:62} INFO - Elapsed time of 'get_hotels_of_user': 0.017274856567382812 seconds
[2022-09-14 06:52:17] p2675732 {/home/ubuntu/workspace/hotel_recommender/utils/util.py:62} INFO - Elapsed time of 'clustering_hdbscan': 0.026644468307495117 seconds
[2022-09-14 06:52:17] p2675732 {/home/ubuntu/workspace/hotel_recommender/utils/util.py:62} INFO - Elapsed time of 'get_hotels_of_user': 0.01832866668701172 seconds
[2022-09-14 06:52:17] p2675732 {/home/ubuntu/workspace/hotel_recommender/utils/util.py:62} INFO - Elapsed time of 'predict': 0.25100278854370117 seconds
[2022-09-14 06:52:29] p2675732 {/home/ubuntu/workspace/hotel_recommender/utils/util.py:62} INFO - Elapsed time of 'get_hotels_of_user': 0.017023086547851562 seconds
[2022-09-14 06:52:29] p2675732 {/home/ubuntu/workspace/hotel_recommender/utils/util.py:62} INFO - Elapsed time of 'clustering_hdbscan': 0.020348548889160156 seconds
[2022-09-14 06:52:29] p2675732 {/home/ubuntu/workspace/hotel_recommender/utils/util.py:62} INFO - Elapsed time of 'get_hotels_of_user': 0.015407323837280273 seconds
[2022-09-14 06:52:30] p2675732 {/home/ubuntu/workspace/hotel_recommender/utils/util.py:62} INFO - Elapsed time of 'predict': 0.22588396072387695 seconds
[2022-09-14 06:53:08] p2675732 {/home/ubuntu/workspace/hotel_recommender/utils/util.py:62} INFO - Elapsed time of 'get_hotels_of_user': 0.017702341079711914 seconds
[2022-09-14 06:55:22] p2675732 {/home/ubuntu/workspace/hotel_recommender/utils/util.py:62} INFO - Elapsed time of 'get_hotels_of_user': 0.017610788345336914 seconds
[2022-09-14 09:11:24] p2726009 {/home/ubuntu/workspace/hotel_recommender/recommender.py:61} INFO - get data successful...
[2022-09-14 09:11:56] p2726009 {/home/ubuntu/workspace/hotel_recommender/utils/util.py:62} INFO - Elapsed time of 'build_distance_metric': 6.603352069854736 seconds
[2022-09-14 09:12:00] p2726009 {/home/ubuntu/workspace/hotel_recommender/recommender.py:87} INFO - init model...
[2022-09-14 09:12:00] p2726009 {/home/ubuntu/workspace/hotel_recommender/utils/util.py:62} INFO - Elapsed time of '__init__': 71.01276636123657 seconds
[2022-09-14 09:46:12] p2732161 {/home/ubuntu/workspace/hotel_recommender/recommender.py:60} INFO - get data successful...
[2022-09-14 09:47:23] p2732161 {/home/ubuntu/workspace/hotel_recommender/utils/util.py:62} INFO - Elapsed time of 'build_distance_metric': 5.481267690658569 seconds
[2022-09-14 09:47:38] p2732161 {/home/ubuntu/workspace/hotel_recommender/recommender.py:86} INFO - init model...
[2022-09-14 09:47:38] p2732161 {/home/ubuntu/workspace/hotel_recommender/utils/util.py:62} INFO - Elapsed time of '__init__': 203.61417818069458 seconds
[2022-09-14 09:48:17] p2732161 {/home/ubuntu/workspace/hotel_recommender/utils/util.py:62} INFO - Elapsed time of 'merge_dicts': 0.07296633720397949 seconds
[2022-09-14 09:52:18] p2732161 {/home/ubuntu/workspace/hotel_recommender/utils/util.py:62} INFO - Elapsed time of 'merge_dicts': 0.46224236488342285 seconds
[2022-09-14 09:52:19] p2732161 {/home/ubuntu/workspace/hotel_recommender/utils/util.py:62} INFO - Elapsed time of 'build_model': 280.8519039154053 seconds
[2022-09-14 09:55:35] p2732161 {/home/ubuntu/workspace/hotel_recommender/utils/util.py:62} INFO - Elapsed time of 'get_hotels_of_user': 0.19257044792175293 seconds
[2022-09-14 10:09:52] p2735297 {/home/ubuntu/workspace/hotel_recommender/recommender.py:60} INFO - get data successful...
[2022-09-14 10:11:03] p2735297 {/home/ubuntu/workspace/hotel_recommender/utils/util.py:62} INFO - Elapsed time of 'build_distance_metric': 5.483192443847656 seconds
[2022-09-14 10:11:17] p2735297 {/home/ubuntu/workspace/hotel_recommender/recommender.py:86} INFO - init model...
[2022-09-14 10:11:17] p2735297 {/home/ubuntu/workspace/hotel_recommender/utils/util.py:62} INFO - Elapsed time of '__init__': 200.83928751945496 seconds
[2022-09-14 10:13:58] p2735297 {/home/ubuntu/workspace/hotel_recommender/utils/util.py:62} INFO - Elapsed time of 'merge_dicts': 0.6379776000976562 seconds
[2022-09-14 10:14:35] p2735297 {/home/ubuntu/workspace/hotel_recommender/utils/util.py:62} INFO - Elapsed time of 'merge_dicts': 0.30323266983032227 seconds
[2022-09-14 10:14:35] p2735297 {/home/ubuntu/workspace/hotel_recommender/utils/util.py:62} INFO - Elapsed time of 'build_model': 197.50975728034973 seconds
[2022-09-14 10:14:40] p2735297 {/home/ubuntu/workspace/hotel_recommender/utils/util.py:62} INFO - Elapsed time of 'get_hotels_of_user': 0.1507105827331543 seconds
[2022-09-14 10:14:46] p2735297 {/home/ubuntu/workspace/hotel_recommender/utils/util.py:62} INFO - Elapsed time of 'get_hotels_of_user': 0.020910024642944336 seconds
[2022-09-14 10:14:47] p2741620 {/home/ubuntu/workspace/hotel_recommender/recommender.py:60} INFO - get data successful...
[2022-09-14 10:14:51] p2735297 {/home/ubuntu/workspace/hotel_recommender/utils/util.py:62} INFO - Elapsed time of 'predict': 10.447134017944336 seconds
[2022-09-14 10:15:46] p2741620 {/home/ubuntu/workspace/hotel_recommender/utils/util.py:62} INFO - Elapsed time of 'build_distance_metric': 5.124891757965088 seconds
[2022-09-14 10:15:54] p2741620 {/home/ubuntu/workspace/hotel_recommender/recommender.py:86} INFO - init model...
[2022-09-14 10:15:54] p2741620 {/home/ubuntu/workspace/hotel_recommender/utils/util.py:62} INFO - Elapsed time of '__init__': 100.7075366973877 seconds
[2022-09-14 10:17:03] p2741801 {/home/ubuntu/workspace/hotel_recommender/recommender.py:60} INFO - get data successful...
[2022-09-14 10:19:23] p2741801 {/home/ubuntu/workspace/hotel_recommender/utils/util.py:62} INFO - Elapsed time of 'build_distance_metric': 5.260293245315552 seconds
[2022-09-14 10:19:47] p2741801 {/home/ubuntu/workspace/hotel_recommender/recommender.py:86} INFO - init model...
[2022-09-14 10:19:47] p2741801 {/home/ubuntu/workspace/hotel_recommender/utils/util.py:62} INFO - Elapsed time of '__init__': 277.77130937576294 seconds
[2022-09-14 11:43:57] p2741801 {/home/ubuntu/workspace/hotel_recommender/utils/util.py:62} INFO - Elapsed time of 'merge_dicts': 0.7545099258422852 seconds
[2022-09-14 12:00:23] p2741801 {/home/ubuntu/workspace/hotel_recommender/utils/util.py:62} INFO - Elapsed time of 'merge_dicts': 0.6476478576660156 seconds
[2022-09-14 12:00:23] p2741801 {/home/ubuntu/workspace/hotel_recommender/utils/util.py:62} INFO - Elapsed time of 'build_model': 6036.047312498093 seconds
[2022-09-15 01:56:27] p2741801 {/home/ubuntu/workspace/hotel_recommender/utils/util.py:62} INFO - Elapsed time of 'get_hotels_of_user': 0.23714971542358398 seconds
[2022-09-15 01:56:52] p2741801 {/home/ubuntu/workspace/hotel_recommender/utils/util.py:62} INFO - Elapsed time of 'clustering_hdbscan': 0.0729072093963623 seconds
[2022-09-15 02:00:11] p2741801 {/home/ubuntu/workspace/hotel_recommender/utils/util.py:62} INFO - Elapsed time of 'get_hotels_of_user': 0.046219587326049805 seconds
[2022-09-15 02:01:01] p2741801 {/home/ubuntu/workspace/hotel_recommender/utils/util.py:62} INFO - Elapsed time of 'get_hotels_of_user': 0.012887954711914062 seconds
[2022-09-15 02:01:11] p2741801 {/home/ubuntu/workspace/hotel_recommender/utils/util.py:62} INFO - Elapsed time of 'get_hotels_of_user': 0.005420684814453125 seconds
[2022-09-15 02:01:30] p2741801 {/home/ubuntu/workspace/hotel_recommender/utils/util.py:62} INFO - Elapsed time of 'get_hotels_of_user': 0.0044078826904296875 seconds
[2022-09-15 02:01:45] p2741801 {/home/ubuntu/workspace/hotel_recommender/utils/util.py:62} INFO - Elapsed time of 'get_hotels_of_user': 0.004145622253417969 seconds
[2022-09-15 02:02:03] p2741801 {/home/ubuntu/workspace/hotel_recommender/utils/util.py:62} INFO - Elapsed time of 'get_hotels_of_user': 0.0035140514373779297 seconds
[2022-09-15 02:02:17] p2741801 {/home/ubuntu/workspace/hotel_recommender/utils/util.py:62} INFO - Elapsed time of 'get_hotels_of_user': 0.004244089126586914 seconds
[2022-09-15 02:02:37] p2741801 {/home/ubuntu/workspace/hotel_recommender/utils/util.py:62} INFO - Elapsed time of 'get_hotels_of_user': 0.003461599349975586 seconds
[2022-09-15 03:22:03] p2853588 {/home/ubuntu/workspace/hotel_recommender/recommender.py:62} INFO - get data successful...
[2022-09-15 03:24:25] p2853588 {/home/ubuntu/workspace/hotel_recommender/utils/util.py:62} INFO - Elapsed time of 'build_distance_metric': 5.13162899017334 seconds
[2022-09-15 03:24:48] p2853588 {/home/ubuntu/workspace/hotel_recommender/recommender.py:88} INFO - init model...
[2022-09-15 03:24:48] p2853588 {/home/ubuntu/workspace/hotel_recommender/utils/util.py:62} INFO - Elapsed time of '__init__': 276.79563570022583 seconds
[2022-09-15 04:39:10] p2853588 {/home/ubuntu/workspace/hotel_recommender/utils/util.py:62} INFO - Elapsed time of 'merge_dicts': 1.3526771068572998 seconds
[2022-09-15 04:53:49] p2853588 {/home/ubuntu/workspace/hotel_recommender/utils/util.py:62} INFO - Elapsed time of 'merge_dicts': 1.5642337799072266 seconds
[2022-09-15 04:53:49] p2853588 {/home/ubuntu/workspace/hotel_recommender/utils/util.py:62} INFO - Elapsed time of 'build_model': 5340.950117826462 seconds
[2022-09-15 06:08:31] p2853588 {/home/ubuntu/workspace/hotel_recommender/utils/util.py:62} INFO - Elapsed time of 'get_hotels_of_user': 0.48412036895751953 seconds
[2022-09-15 06:08:41] p2853588 {/home/ubuntu/workspace/hotel_recommender/utils/util.py:62} INFO - Elapsed time of 'clustering_hdbscan': 0.10941600799560547 seconds
[2022-09-15 06:08:51] p2853588 {/home/ubuntu/workspace/hotel_recommender/utils/util.py:62} INFO - Elapsed time of 'get_hotels_of_user': 0.021735191345214844 seconds
[2022-09-15 06:09:37] p2853588 {/home/ubuntu/workspace/hotel_recommender/utils/util.py:62} INFO - Elapsed time of 'predict': 64.47132205963135 seconds
[2022-09-15 06:12:18] p2853588 {/home/ubuntu/workspace/hotel_recommender/utils/util.py:62} INFO - Elapsed time of 'get_hotels_of_user': 0.0066530704498291016 seconds
[2022-09-15 06:12:18] p2853588 {/home/ubuntu/workspace/hotel_recommender/utils/util.py:62} INFO - Elapsed time of 'clustering_hdbscan': 0.00497126579284668 seconds
[2022-09-15 06:12:18] p2853588 {/home/ubuntu/workspace/hotel_recommender/utils/util.py:62} INFO - Elapsed time of 'get_hotels_of_user': 0.016450166702270508 seconds
[2022-09-15 06:12:18] p2853588 {/home/ubuntu/workspace/hotel_recommender/utils/util.py:62} INFO - Elapsed time of 'predict': 0.08899044990539551 seconds
[2022-09-16 04:01:18] p3018194 {/home/ubuntu/workspace/hotel_recommender/recommender.py:65} INFO - get data successful...
[2022-09-16 04:01:36] p3018194 {/home/ubuntu/workspace/hotel_recommender/utils/util.py:62} INFO - Elapsed time of 'build_distance_metric': 5.165359258651733 seconds
[2022-09-16 04:06:46] p3018950 {/home/ubuntu/workspace/hotel_recommender/recommender.py:65} INFO - get data successful...
[2022-09-16 04:07:09] p3018950 {/home/ubuntu/workspace/hotel_recommender/utils/util.py:62} INFO - Elapsed time of 'build_distance_metric': 5.23015570640564 seconds
[2022-09-16 04:12:10] p3019759 {/home/ubuntu/workspace/hotel_recommender/recommender.py:65} INFO - get data successful...
[2022-09-16 04:12:43] p3019759 {/home/ubuntu/workspace/hotel_recommender/utils/util.py:62} INFO - Elapsed time of 'build_distance_metric': 5.206394195556641 seconds
[2022-09-16 04:18:24] p3019759 {/home/ubuntu/workspace/hotel_recommender/recommender.py:87} INFO - init model...
[2022-09-16 04:18:28] p3019759 {/home/ubuntu/workspace/hotel_recommender/utils/util.py:62} INFO - Elapsed time of '__init__': 539.8444974422455 seconds
[2022-09-16 04:19:15] p3019759 {/home/ubuntu/workspace/hotel_recommender/utils/util.py:62} INFO - Elapsed time of 'merge_dicts': 0.013198614120483398 seconds
[2022-09-16 04:19:20] p3019759 {/home/ubuntu/workspace/hotel_recommender/utils/util.py:62} INFO - Elapsed time of 'merge_dicts': 0.011458635330200195 seconds
[2022-09-16 04:19:36] p3019759 {/home/ubuntu/workspace/hotel_recommender/utils/util.py:62} INFO - Elapsed time of 'build_model': 60.22675037384033 seconds
[2022-09-16 04:19:40] p3019759 {/home/ubuntu/workspace/hotel_recommender/utils/util.py:62} INFO - Elapsed time of 'get_hotels_of_user': 0.005146503448486328 seconds
[2022-09-16 04:41:29] p3024643 {/home/ubuntu/workspace/hotel_recommender/recommender.py:70} WARNING - module 'dask.dataframe' has no attribute 'HDFStore'
[2022-09-16 04:44:26] p3025225 {/home/ubuntu/workspace/hotel_recommender/recommender.py:68} WARNING - [Errno 2] No such file or directory: 'hdfs_tmp.h5'
[2022-09-16 04:54:55] p3026696 {/home/ubuntu/workspace/hotel_recommender/recommender.py:68} WARNING - [Errno 2] No such file or directory: 'hdfs_tmp.h5'
[2022-09-16 05:00:06] p3027454 {/home/ubuntu/workspace/hotel_recommender/recommender.py:68} WARNING - [Errno 2] No such file or directory: 'hdfs_tmp.h5'
[2022-09-16 06:14:42] p3027454 {/home/ubuntu/workspace/hotel_recommender/recommender.py:71} INFO - get data successful...
[2022-09-16 06:15:03] p3027454 {/home/ubuntu/workspace/hotel_recommender/utils/df_utils.py:97} ERROR - dask.dataframe.to_datetime does not support non-index-able arguments (like scalars)
Traceback (most recent call last):
  File "/home/ubuntu/workspace/hotel_recommender/utils/df_utils.py", line 92, in split_booking_time
    df_others.CHECK_IN_DATE_PLAN = df_others.CHECK_IN_DATE_PLAN.apply(lambda x: pd.to_datetime(x,  errors = 'coerce'))
  File "/home/ubuntu/anaconda3/envs/py38/lib/python3.8/site-packages/pandas/core/series.py", line 4433, in apply
    return SeriesApply(self, func, convert_dtype, args, kwargs).apply()
  File "/home/ubuntu/anaconda3/envs/py38/lib/python3.8/site-packages/pandas/core/apply.py", line 1088, in apply
    return self.apply_standard()
  File "/home/ubuntu/anaconda3/envs/py38/lib/python3.8/site-packages/pandas/core/apply.py", line 1143, in apply_standard
    mapped = lib.map_infer(
  File "pandas/_libs/lib.pyx", line 2870, in pandas._libs.lib.map_infer
  File "/home/ubuntu/workspace/hotel_recommender/utils/df_utils.py", line 92, in <lambda>
    df_others.CHECK_IN_DATE_PLAN = df_others.CHECK_IN_DATE_PLAN.apply(lambda x: pd.to_datetime(x,  errors = 'coerce'))
  File "/home/ubuntu/anaconda3/envs/py38/lib/python3.8/site-packages/dask/dataframe/core.py", line 7653, in to_datetime
    raise NotImplementedError(
NotImplementedError: dask.dataframe.to_datetime does not support non-index-able arguments (like scalars)
[2022-09-16 06:24:06] p3041964 {/home/ubuntu/workspace/hotel_recommender/recommender.py:68} WARNING - [Errno 2] No such file or directory: 'hdfs_tmp.h5'
[2022-09-16 06:26:31] p3041964 {/home/ubuntu/workspace/hotel_recommender/recommender.py:71} INFO - get data successful...
[2022-09-16 06:26:55] p3041964 {/home/ubuntu/workspace/hotel_recommender/utils/util.py:62} INFO - Elapsed time of 'build_distance_metric': 5.192025899887085 seconds
[2022-09-16 06:32:13] p3041964 {/home/ubuntu/workspace/hotel_recommender/recommender.py:90} INFO - init model...
[2022-09-16 06:32:13] p3041964 {/home/ubuntu/workspace/hotel_recommender/utils/util.py:62} INFO - Elapsed time of '__init__': 486.2940526008606 seconds
[2022-09-16 06:32:21] p3041964 {/home/ubuntu/workspace/hotel_recommender/utils/util.py:62} INFO - Elapsed time of 'merge_dicts': 0.012975931167602539 seconds
[2022-09-16 06:32:25] p3041964 {/home/ubuntu/workspace/hotel_recommender/utils/util.py:62} INFO - Elapsed time of 'merge_dicts': 0.011023759841918945 seconds
[2022-09-16 06:32:33] p3041964 {/home/ubuntu/workspace/hotel_recommender/utils/util.py:62} INFO - Elapsed time of 'build_model': 15.970229864120483 seconds
[2022-09-16 06:32:35] p3041964 {/home/ubuntu/workspace/hotel_recommender/utils/util.py:62} INFO - Elapsed time of 'get_hotels_of_user': 0.004090070724487305 seconds
[2022-09-16 06:32:48] p3041964 {/home/ubuntu/workspace/hotel_recommender/utils/util.py:62} INFO - Elapsed time of 'get_hotels_of_user': 0.0043523311614990234 seconds
[2022-09-16 06:33:05] p3041964 {/home/ubuntu/workspace/hotel_recommender/utils/util.py:62} INFO - Elapsed time of 'predict': 30.033590078353882 seconds
[2022-09-16 06:36:43] p3043688 {/home/ubuntu/workspace/hotel_recommender/recommender.py:68} WARNING - [Errno 2] No such file or directory: 'hdfs_tmp.h5'
[2022-09-16 06:39:07] p3043688 {/home/ubuntu/workspace/hotel_recommender/recommender.py:71} INFO - get data successful...
[2022-09-16 06:39:14] p3043688 {/home/ubuntu/workspace/hotel_recommender/utils/util.py:62} INFO - Elapsed time of 'build_distance_metric': 5.188239812850952 seconds
[2022-09-16 07:01:12] p3044396 {/home/ubuntu/workspace/hotel_recommender/recommender.py:68} WARNING - [Errno 2] No such file or directory: 'hdfs_tmp.h5'
[2022-09-16 07:03:34] p3044396 {/home/ubuntu/workspace/hotel_recommender/recommender.py:71} INFO - get data successful...
[2022-09-16 07:05:09] p3044396 {/home/ubuntu/workspace/hotel_recommender/utils/util.py:62} INFO - Elapsed time of 'build_distance_metric': 5.198656797409058 seconds
[2022-09-16 07:12:27] p3048303 {/home/ubuntu/workspace/hotel_recommender/recommender.py:71} WARNING - [Errno 2] No such file or directory: 'hdfs_tmp.h5'
[2022-09-16 07:15:04] p3048303 {/home/ubuntu/workspace/hotel_recommender/recommender.py:74} INFO - get data successful...
[2022-09-16 07:22:16] p3050242 {/home/ubuntu/workspace/hotel_recommender/recommender.py:71} WARNING - [Errno 2] No such file or directory: 'hdfs_tmp.h5'
[2022-09-16 07:24:52] p3050242 {/home/ubuntu/workspace/hotel_recommender/recommender.py:74} INFO - get data successful...
[2022-09-16 07:25:59] p3050242 {/home/ubuntu/workspace/hotel_recommender/utils/util.py:62} INFO - Elapsed time of 'build_distance_metric': 28.8660991191864 seconds
[2022-09-16 07:38:22] p2741620 {/home/ubuntu/workspace/hotel_recommender/utils/util.py:62} INFO - Elapsed time of 'get_hotels_of_user': 0.0052318572998046875 seconds
[2022-09-16 08:16:31] p3057731 {/home/ubuntu/workspace/hotel_recommender/recommender.py:71} WARNING - [Errno 2] No such file or directory: 'hdfs_tmp.h5'
[2022-09-16 08:19:00] p3057731 {/home/ubuntu/workspace/hotel_recommender/recommender.py:74} INFO - get data successful...
[2022-09-16 08:20:42] p3057731 {/home/ubuntu/workspace/hotel_recommender/utils/util.py:62} INFO - Elapsed time of 'build_distance_metric': 5.213181972503662 seconds
[2022-09-16 08:40:45] p3060647 {/home/ubuntu/workspace/hotel_recommender/recommender.py:71} WARNING - [Errno 2] No such file or directory: 'hdfs_tmp.h5'
[2022-09-16 08:41:17] p3060647 {/home/ubuntu/workspace/hotel_recommender/recommender.py:74} INFO - get data successful...
[2022-09-16 08:42:16] p3060647 {/home/ubuntu/workspace/hotel_recommender/utils/util.py:62} INFO - Elapsed time of 'build_distance_metric': 5.154765367507935 seconds
[2022-09-16 08:47:21] p3061508 {/home/ubuntu/workspace/hotel_recommender/recommender.py:71} WARNING - [Errno 2] No such file or directory: 'hdfs_tmp.h5'
[2022-09-16 08:47:53] p3061508 {/home/ubuntu/workspace/hotel_recommender/recommender.py:74} INFO - get data successful...
[2022-09-16 08:48:56] p3061508 {/home/ubuntu/workspace/hotel_recommender/utils/util.py:62} INFO - Elapsed time of 'build_distance_metric': 5.153961896896362 seconds
[2022-09-16 08:49:04] p3061508 {/home/ubuntu/workspace/hotel_recommender/recommender.py:93} INFO - init model...
[2022-09-16 08:49:04] p3061508 {/home/ubuntu/workspace/hotel_recommender/utils/util.py:62} INFO - Elapsed time of '__init__': 103.13667225837708 seconds
[2022-09-16 09:17:36] p3061508 {/home/ubuntu/workspace/hotel_recommender/recommender.py:71} WARNING - [Errno 2] No such file or directory: 'hdfs_tmp.h5'
[2022-09-16 09:18:09] p3061508 {/home/ubuntu/workspace/hotel_recommender/recommender.py:74} INFO - get data successful...
[2022-09-16 09:18:20] p3061508 {/home/ubuntu/workspace/hotel_recommender/utils/util.py:62} INFO - Elapsed time of 'build_distance_metric': 5.120647430419922 seconds
[2022-09-16 09:18:21] p3061508 {/home/ubuntu/workspace/hotel_recommender/recommender.py:93} INFO - init model...
[2022-09-16 09:18:21] p3061508 {/home/ubuntu/workspace/hotel_recommender/utils/util.py:62} INFO - Elapsed time of '__init__': 45.27372932434082 seconds
[2022-09-17 07:17:55] p3212121 {/home/ubuntu/workspace/hotel_recommender/recommender.py:71} WARNING - [Errno 2] No such file or directory: 'hdfs_tmp.h5'
[2022-09-17 07:19:46] p3212121 {/home/ubuntu/workspace/hotel_recommender/recommender.py:74} INFO - get data successful...
[2022-09-17 07:20:54] p3212121 {/home/ubuntu/workspace/hotel_recommender/utils/util.py:62} INFO - Elapsed time of 'build_distance_metric': 5.168484449386597 seconds
[2022-09-17 07:21:08] p3212121 {/home/ubuntu/workspace/hotel_recommender/recommender.py:93} INFO - init model...
[2022-09-17 07:21:08] p3212121 {/home/ubuntu/workspace/hotel_recommender/utils/util.py:62} INFO - Elapsed time of '__init__': 192.7171447277069 seconds
[2022-09-17 07:25:07] p3213016 {/home/ubuntu/workspace/hotel_recommender/recommender.py:71} WARNING - [Errno 2] No such file or directory: 'hdfs_tmp.h5'
[2022-09-17 07:26:58] p3213016 {/home/ubuntu/workspace/hotel_recommender/recommender.py:74} INFO - get data successful...
[2022-09-17 07:28:05] p3213016 {/home/ubuntu/workspace/hotel_recommender/utils/util.py:62} INFO - Elapsed time of 'build_distance_metric': 5.2697038650512695 seconds
[2022-09-17 08:29:02] p3221063 {/home/ubuntu/workspace/hotel_recommender/recommender.py:71} WARNING - [Errno 2] No such file or directory: 'hdfs_tmp.h5'
[2022-09-17 08:30:53] p3221063 {/home/ubuntu/workspace/hotel_recommender/recommender.py:74} INFO - get data successful...
[2022-09-17 08:32:00] p3221063 {/home/ubuntu/workspace/hotel_recommender/utils/util.py:62} INFO - Elapsed time of 'build_distance_metric': 5.205631732940674 seconds
[2022-09-17 10:05:43] p3061508 {/home/ubuntu/workspace/hotel_recommender/recommender.py:71} WARNING - [Errno 2] No such file or directory: 'hdfs_tmp.h5'
[2022-09-17 10:06:15] p3061508 {/home/ubuntu/workspace/hotel_recommender/recommender.py:74} INFO - get data successful...
[2022-09-17 10:06:26] p3061508 {/home/ubuntu/workspace/hotel_recommender/utils/util.py:62} INFO - Elapsed time of 'build_distance_metric': 5.213681221008301 seconds
[2022-09-17 10:06:27] p3061508 {/home/ubuntu/workspace/hotel_recommender/recommender.py:93} INFO - init model...
[2022-09-17 10:06:27] p3061508 {/home/ubuntu/workspace/hotel_recommender/utils/util.py:62} INFO - Elapsed time of '__init__': 44.732372999191284 seconds
[2022-09-17 10:16:13] p3221063 {/home/ubuntu/workspace/hotel_recommender/recommender.py:93} INFO - init model...
[2022-09-17 10:16:16] p3221063 {/home/ubuntu/workspace/hotel_recommender/utils/util.py:62} INFO - Elapsed time of '__init__': 6433.167795419693 seconds
[2022-09-17 10:27:41] p3234417 {/home/ubuntu/workspace/hotel_recommender/recommender.py:71} WARNING - [Errno 2] No such file or directory: 'hdfs_tmp.h5'
[2022-09-17 10:29:33] p3234417 {/home/ubuntu/workspace/hotel_recommender/recommender.py:74} INFO - get data successful...
[2022-09-17 10:45:24] p3236947 {/home/ubuntu/workspace/hotel_recommender/recommender.py:71} WARNING - [Errno 2] No such file or directory: 'hdfs_tmp.h5'
[2022-09-17 10:47:17] p3236947 {/home/ubuntu/workspace/hotel_recommender/recommender.py:74} INFO - get data successful...
[2022-09-17 10:49:41] p3236947 {/home/ubuntu/workspace/hotel_recommender/utils/util.py:62} INFO - Elapsed time of 'build_distance_metric': 5.20300817489624 seconds
[2022-09-17 11:37:05] p3242713 {/home/ubuntu/workspace/hotel_recommender/recommender.py:71} WARNING - [Errno 2] No such file or directory: 'hdfs_tmp.h5'
[2022-09-17 11:37:36] p3242713 {/home/ubuntu/workspace/hotel_recommender/recommender.py:74} INFO - get data successful...
[2022-09-17 11:37:47] p3242713 {/home/ubuntu/workspace/hotel_recommender/utils/util.py:62} INFO - Elapsed time of 'build_distance_metric': 5.258324861526489 seconds
[2022-09-17 11:40:00] p3242713 {/home/ubuntu/workspace/hotel_recommender/recommender.py:93} INFO - init model...
[2022-09-17 11:40:00] p3242713 {/home/ubuntu/workspace/hotel_recommender/utils/util.py:62} INFO - Elapsed time of '__init__': 174.37891817092896 seconds
[2022-09-17 12:33:35] p3236947 {/home/ubuntu/workspace/hotel_recommender/recommender.py:93} INFO - init model...
[2022-09-17 12:33:35] p3236947 {/home/ubuntu/workspace/hotel_recommender/utils/util.py:62} INFO - Elapsed time of '__init__': 6490.860074043274 seconds
[2022-09-17 15:55:45] p3242713 {/home/ubuntu/workspace/hotel_recommender/recommender.py:71} WARNING - [Errno 2] No such file or directory: 'hdfs_tmp.h5'
[2022-09-17 15:56:23] p3242713 {/home/ubuntu/workspace/hotel_recommender/recommender.py:74} INFO - get data successful...
[2022-09-17 15:57:17] p3242713 {/home/ubuntu/workspace/hotel_recommender/utils/util.py:62} INFO - Elapsed time of 'build_distance_metric': 5.195655584335327 seconds
[2022-09-17 16:21:02] p3274091 {/home/ubuntu/workspace/hotel_recommender/recommender.py:71} WARNING - [Errno 2] No such file or directory: 'hdfs_tmp.h5'
[2022-09-17 16:21:33] p3274091 {/home/ubuntu/workspace/hotel_recommender/recommender.py:74} INFO - get data successful...
[2022-09-17 16:22:33] p3274091 {/home/ubuntu/workspace/hotel_recommender/utils/util.py:62} INFO - Elapsed time of 'build_distance_metric': 5.169769048690796 seconds
[2022-09-17 17:13:59] p3274091 {/home/ubuntu/workspace/hotel_recommender/recommender.py:93} INFO - init model...
[2022-09-17 17:13:59] p3274091 {/home/ubuntu/workspace/hotel_recommender/utils/util.py:62} INFO - Elapsed time of '__init__': 3177.7824277877808 seconds
[2022-09-19 02:02:17] p3274091 {/home/ubuntu/workspace/hotel_recommender/utils/util.py:62} INFO - Elapsed time of 'get_hotels_of_user': 0.004092693328857422 seconds
[2022-09-19 02:02:32] p3274091 {/home/ubuntu/workspace/hotel_recommender/utils/util.py:62} INFO - Elapsed time of 'get_hotels_of_user': 0.0037126541137695312 seconds
[2022-09-19 02:02:52] p3274091 {/home/ubuntu/workspace/hotel_recommender/utils/util.py:62} INFO - Elapsed time of 'get_hotels_of_user': 0.0037124156951904297 seconds
[2022-09-19 02:04:49] p3274091 {/home/ubuntu/workspace/hotel_recommender/utils/util.py:62} INFO - Elapsed time of 'get_hotels_of_user': 0.0037844181060791016 seconds
[2022-09-19 02:09:39] p3274091 {/home/ubuntu/workspace/hotel_recommender/utils/util.py:62} INFO - Elapsed time of 'get_hotels_of_user': 0.0044400691986083984 seconds
[2022-09-19 02:11:12] p3274091 {/home/ubuntu/workspace/hotel_recommender/utils/util.py:62} INFO - Elapsed time of 'get_hotels_of_user': 0.0037300586700439453 seconds
[2022-09-19 02:11:29] p3274091 {/home/ubuntu/workspace/hotel_recommender/utils/util.py:62} INFO - Elapsed time of 'get_hotels_of_user': 0.0033075809478759766 seconds
[2022-09-19 02:22:24] p3274091 {/home/ubuntu/workspace/hotel_recommender/utils/util.py:62} INFO - Elapsed time of 'get_hotels_of_user': 0.004223346710205078 seconds
[2022-09-19 02:24:45] p3274091 {/home/ubuntu/workspace/hotel_recommender/utils/util.py:62} INFO - Elapsed time of 'get_hotels_of_user': 0.003954887390136719 seconds
[2022-09-19 02:27:41] p3274091 {/home/ubuntu/workspace/hotel_recommender/utils/util.py:62} INFO - Elapsed time of 'get_hotels_of_user': 0.004548549652099609 seconds
